1000,0.11096,0.1111,2.758664101600647
2000,0.09994,0.1,1.0092881050109863
3000,0.1006,0.1005,3.318926383495331
4000,0.10006,0.0999,2.018364572048187
5000,0.10032,0.1001,0.7181431353092194
6000,0.10146,0.1013,3.0269609050750734
7000,0.24668,0.2529,1.6444692841768265
8000,0.24996,0.2464,0.35261721575260163
9000,0.35642,0.3637,2.1587187062501907
10000,0.40506,0.4014,1.025411337018013
11000,0.45486,0.4439,0.08820374786853791
12000,0.50936,0.5061,1.5437503543496132
13000,0.52736,0.5217,0.6571418300867081
14000,0.57268,0.5628,1.9389211351871491
15000,0.59238,0.5815,1.1056692963838577
16000,0.6148,0.597,0.4027570117712021
17000,0.64564,0.6255,1.4845530395507813
18000,0.67192,0.6481,0.8137271703779697
19000,0.6713,0.644,0.23493223935365676
20000,0.69468,0.6666,1.161172895282507
21000,0.7029,0.6693,0.5922040462493896
22000,0.7326,0.691,0.0974734686613083
23000,0.69692,0.6669,1.07689440625906
24000,0.72294,0.683,0.45659570759534834
25000,0.7566,0.7053,1.249596615999937
26000,0.76726,0.7198,0.7240942228883505
27000,0.76568,0.7191,0.2872610466778278
28000,0.78894,0.7306,0.9734787374138832
29000,0.79628,0.729,0.5442136315703392
30000,0.81648,0.7396,0.17649831008911132
31000,0.82396,0.7409,0.7676658130884171
32000,0.83156,0.7422,0.40670968767255544
33000,0.84206,0.7441,0.08907874722778797
34000,0.84638,0.7474,0.5993022265210748
35000,0.85072,0.7368,0.2864539953619242
36000,0.86536,0.7498,0.019254259824752807
37000,0.87792,0.7513,0.45641720402240754
38000,0.88366,0.7559,0.19366766491532325
39000,0.8925,0.7579,0.6131149947419763
40000,0.9,0.7556,0.3380527442470193
41000,0.89892,0.7483,0.11340072478353977
42000,0.9024,0.7552,0.46557772761583327
43000,0.91582,0.7592,0.24264256221055985
44000,0.91704,0.7567,0.06112956960126758
45000,0.93274,0.7588,0.3535127472616732
46000,0.94564,0.7631,0.16818923589214682
47000,0.93992,0.7568,0.022897818837314843
48000,0.9463,0.7597,0.258322453584522
49000,0.95026,0.7539,0.11071908785309642
50000,0.95546,0.7547,0.3273646624805406
51000,0.94992,0.746,0.17721771596558392
52000,0.95454,0.7539,0.06226590987714008
53000,0.9679,0.7597,0.23806284054461865
54000,0.96884,0.7547,0.11897807061718776
55000,0.97256,0.7588,0.03265454411646351
56000,0.96724,0.7491,0.17275019430322572
57000,0.97978,0.7552,0.08074300187407062
58000,0.98422,0.7527,0.016434387443587183
59000,0.98096,0.7554,0.1199838351814542
60000,0.98644,0.7601,0.0512906555775553
61000,0.98544,0.7558,0.003378338607028127
62000,0.98706,0.7526,0.08178930945880711
63000,0.98862,0.7574,0.031404024449526335
64000,0.98932,0.7535,0.10728482731850818
65000,0.99048,0.7562,0.0627818867044989
66000,0.99404,0.7549,0.016422373912879266
67000,0.99338,0.7582,0.0772105366619362
68000,0.99404,0.7605,0.039153868789435366
69000,0.9928,0.7596,0.008668794815603178
70000,0.99662,0.7569,0.052864240384238655
71000,0.99576,0.7593,0.02557322173708235
72000,0.99364,0.7557,0.002995712561765686
73000,0.9969,0.761,0.04362227243169764
74000,0.996,0.7607,0.014747568710896303
75000,0.99786,0.7591,0.04591842417082807
76000,0.99594,0.762,0.026803451784388015
77000,0.9971,0.7605,0.010210006717341458
78000,0.99762,0.761,0.035081182108402574
79000,0.99794,0.7657,0.017323934842421295
80000,0.9986,0.7607,0.005953233078565973
81000,0.99868,0.7661,0.02668239272692881
82000,0.99738,0.7567,0.013876613466492018
83000,0.99906,0.7623,0.0021559631916297805
84000,0.9969,0.7602,0.0156550825975537
85000,0.99876,0.7613,0.005631207285705841
86000,0.99906,0.7565,0.0003170851596296416
87000,0.99884,0.7606,0.0120853786676455
88000,0.99804,0.7645,0.0051312400583947235
89000,0.99892,0.7621,0.012880816213444404
90000,0.99892,0.7631,0.008310432556562773
91000,0.99948,0.7622,0.004447638159563212
92000,0.99952,0.7611,0.014958128698492602
93000,0.9997,0.7628,0.007483313026817086
94000,0.99936,0.7633,0.0015268493600242438
95000,0.99952,0.7629,0.00955693509703542
96000,0.9994,0.7634,0.0034558332567498837
97000,0.99946,0.7622,0.0003145498395788309
98000,0.99936,0.764,0.006059757739907582
99000,0.99972,0.7633,0.0031942336683077883
100000,0.9987,0.7648,0.009913706311843726
101000,0.99928,0.7633,0.005208025539905293
102000,0.99976,0.7656,0.0027240545309045955
103000,0.99966,0.7651,0.007158639842424236
104000,0.99836,0.7639,0.003686678250197019
105000,0.99916,0.7664,0.0017540418788132683
106000,0.99942,0.7659,0.006099730354851772
107000,0.99908,0.7636,0.002938407645462803
108000,0.99956,0.7666,0.0007070930609529569
109000,0.99976,0.7675,0.004730979814663101
110000,0.99952,0.7654,0.002415718240401759
111000,0.99976,0.7652,0.00017183490460297434
112000,0.999,0.7666,0.002254236937349731
113000,0.99966,0.7647,0.001093666950434681
114000,0.9993,0.7639,0.0036071243352268994
115000,0.9998,0.7654,0.0020406177720301458
116000,0.99954,0.7659,0.0009552729854999598
117000,0.9993,0.7658,0.003811073638213429
118000,0.99932,0.7642,0.0019593408580789173
119000,0.99944,0.7666,0.00041366067237095193
120000,0.99926,0.7661,0.003259294715662918
121000,0.99962,0.7672,0.0017355373593472621
122000,0.99936,0.766,0.00026022202183685297
123000,0.9997,0.7684,0.002504007594476292
124000,0.99956,0.7677,0.0013445429737871564
125000,0.99942,0.7665,0.003448874823287497
126000,0.9998,0.7689,0.001863828315862861
127000,0.99978,0.7672,0.0006855247447962256
128000,0.99958,0.7644,0.002666929693937675
129000,0.99994,0.7692,0.0015673622572366526
130000,0.99968,0.7688,0.0009129976416067507
131000,0.99954,0.7693,0.0029319844324555647
132000,0.99956,0.7679,0.0011413452693315093
133000,0.99932,0.7669,0.0004633909140419519
134000,0.99934,0.7657,0.0026490968316060163
135000,0.99928,0.7684,0.0009088991007587026
136000,0.99902,0.7656,8.28510577457564e-06
137000,0.99956,0.7673,0.0016771858010142182
138000,0.999,0.7677,0.0011918468607655087
139000,0.99872,0.7642,0.0026704348713976742
140000,0.99898,0.7667,0.0011927027967840048
141000,0.9995,0.7692,0.0005646574995082574
142000,0.99928,0.7684,0.0016063485160012192
143000,0.99974,0.7691,0.0013619374146457517
144000,0.99862,0.7652,0.00043371260147591784
145000,0.99816,0.7645,0.0018554281205984892
146000,0.99956,0.7668,0.0011438122802375687
147000,0.99956,0.7691,3.402774037016343e-05
148000,0.99872,0.767,0.0014770364837149543
149000,0.99898,0.7661,0.0007164805948105766
150000,0.99948,0.7673,0.0020369987673827836
151000,0.99952,0.7678,0.001346311406974735
152000,0.99958,0.7679,0.0008627851251008565
153000,0.99884,0.7663,0.002161433152297576
154000,0.9998,0.7683,0.0017927175702935187
155000,0.99962,0.7704,0.0006570827796510343
156000,0.99978,0.7681,0.0017307773440985556
